[2021-07-26 00:44:17] local.ERROR: 2021-07-26 00:44:17:
```Undefined offset: 1```
*File* `C:\xampp7\htdocs\eshop\app\Plugins\Cms\Content\Admin\Models\AdminCmsCategory.php`, *Line:* 81, *Code:* 0
URL= http://127.0.0.1:8000/adminme/cms_category/create
  
[2021-07-26 00:44:17] local.ERROR: Undefined offset: 1 {"exception":"[object] (ErrorException(code: 0): Undefined offset: 1 at C:\\xampp7\\htdocs\\eshop\\app\\Plugins\\Cms\\Content\\Admin\\Models\\AdminCmsCategory.php:81)
[stacktrace]
#0 C:\\xampp7\\htdocs\\eshop\\app\\Plugins\\Cms\\Content\\Admin\\Models\\AdminCmsCategory.php(81): Illuminate\\Foundation\\Bootstrap\\HandleExceptions->handleError(8, 'Undefined offse...', 'C:\\\\xampp7\\\\htdoc...', 81, Array)
#1 C:\\xampp7\\htdocs\\eshop\\app\\Plugins\\Cms\\Content\\Admin\\CmsCategoryController.php(139): App\\Plugins\\Cms\\Content\\Admin\\Models\\AdminCmsCategory->getTreeCategoriesAdmin()
#2 C:\\xampp7\\htdocs\\eshop\\vendor\\laravel\\framework\\src\\Illuminate\\Routing\\Controller.php(54): App\\Plugins\\Cms\\Content\\Admin\\CmsCategoryController->create()
#3 C:\\xampp7\\htdocs\\eshop\\vendor\\laravel\\framework\\src\\Illuminate\\Routing\\ControllerDispatcher.php(45): Illuminate\\Routing\\Controller->callAction('create', Array)
#4 C:\\xampp7\\htdocs\\eshop\\vendor\\laravel\\framework\\src\\Illuminate\\Routing\\Route.php(254): Illuminate\\Routing\\ControllerDispatcher->dispatch(Object(Illuminate\\Routing\\Route), Object(App\\Plugins\\Cms\\Content\\Admin\\CmsCategoryController), 'create')
#5 C:\\xampp7\\htdocs\\eshop\\vendor\\laravel\\framework\\src\\Illuminate\\Routing\\Route.php(197): Illuminate\\Routing\\Route->runController()
#6 C:\\xampp7\\htdocs\\eshop\\vendor\\laravel\\framework\\src\\Illuminate\\Routing\\Router.php(695): Illuminate\\Routing\\Route->run()
#7 C:\\xampp7\\htdocs\\eshop\\vendor\\laravel\\framework\\src\\Illuminate\\Pipeline\\Pipeline.php(128): Illuminate\\Routing\\Router->Illuminate\\Routing\\{closure}(Object(Illuminate\\Http\\Request))
#8 C:\\xampp7\\htdocs\\eshop\\vendor\\eshop\\core\\src\\Admin\\Middleware\\AdminTheme.php(27): Illuminate\\Pipeline\\Pipeline->Illuminate\\Pipeline\\{closure}(Object(Illuminate\\Http\\Request))
#9 C:\\xampp7\\htdocs\\eshop\\vendor\\laravel\\framework\\src\\Illuminate\\Pipeline\\Pipeline.php(167): EShop\\Core\\Admin\\Middleware\\AdminTheme->handle(Object(Illuminate\\Http\\Request), Object(Closure))
#10 C:\\xampp7\\htdocs\\eshop\\vendor\\eshop\\core\\src\\Admin\\Middleware\\AdminStoreId.php(40): Illuminate\\Pipeline\\Pipeline->Illuminate\\Pipeline\\{closure}(Object(Illuminate\\Http\\Request))
#11 C:\\xampp7\\htdocs\\eshop\\vendor\\laravel\\framework\\src\\Illuminate\\Pipeline\\Pipeline.php(167): EShop\\Core\\Admin\\Middleware\\AdminStoreId->handle(Object(Illuminate\\Http\\Request), Object(Closure))
#12 C:\\xampp7\\htdocs\\eshop\\vendor\\eshop\\core\\src\\Admin\\Middleware\\LogOperation.php(38): Illuminate\\Pipeline\\Pipeline->Illuminate\\Pipeline\\{closure}(Object(Illuminate\\Http\\Request))
#13 C:\\xampp7\\htdocs\\eshop\\vendor\\laravel\\framework\\src\\Illuminate\\Pipeline\\Pipeline.php(167): EShop\\Core\\Admin\\Middleware\\LogOperation->handle(Object(Illuminate\\Http\\Request), Object(Closure))
#14 C:\\xampp7\\htdocs\\eshop\\vendor\\eshop\\core\\src\\Admin\\Middleware\\PermissionMiddleware.php(30): Illuminate\\Pipeline\\Pipeline->Illuminate\\Pipeline\\{closure}(Object(Illuminate\\Http\\Request))
#15 C:\\xampp7\\htdocs\\eshop\\vendor\\laravel\\framework\\src\\Illuminate\\Pipeline\\Pipeline.php(167): EShop\\Core\\Admin\\Middleware\\PermissionMiddleware->handle(Object(Illuminate\\Http\\Request), Object(Closure))
#16 C:\\xampp7\\htdocs\\eshop\\vendor\\eshop\\core\\src\\Admin\\Middleware\\Authenticate.php(25): Illuminate\\Pipeline\\Pipeline->Illuminate\\Pipeline\\{closure}(Object(Illuminate\\Http\\Request))
#17 C:\\xampp7\\htdocs\\eshop\\vendor\\laravel\\framework\\src\\Illuminate\\Pipeline\\Pipeline.php(167): EShop\\Core\\Admin\\Middleware\\Authenticate->handle(Object(Illuminate\\Http\\Request), Object(Closure))
#18 C:\\xampp7\\htdocs\\eshop\\vendor\\eshop\\core\\src\\Front\\Middleware\\CheckDomain.php(28): Illuminate\\Pipeline\\Pipeline->Illuminate\\Pipeline\\{closure}(Object(Illuminate\\Http\\Request))
#19 C:\\xampp7\\htdocs\\eshop\\vendor\\laravel\\framework\\src\\Illuminate\\Pipeline\\Pipeline.php(167): EShop\\Core\\Front\\Middleware\\CheckDomain->handle(Object(Illuminate\\Http\\Request), Object(Closure))
#20 C:\\xampp7\\htdocs\\eshop\\vendor\\eshop\\core\\src\\Front\\Middleware\\Currency.php(25): Illuminate\\Pipeline\\Pipeline->Illuminate\\Pipeline\\{closure}(Object(Illuminate\\Http\\Request))
#21 C:\\xampp7\\htdocs\\eshop\\vendor\\laravel\\framework\\src\\Illuminate\\Pipeline\\Pipeline.php(167): EShop\\Core\\Front\\Middleware\\Currency->handle(Object(Illuminate\\Http\\Request), Object(Closure))
#22 C:\\xampp7\\htdocs\\eshop\\vendor\\eshop\\core\\src\\Front\\Middleware\\Localization.php(31): Illuminate\\Pipeline\\Pipeline->Illuminate\\Pipeline\\{closure}(Object(Illuminate\\Http\\Request))
#23 C:\\xampp7\\htdocs\\eshop\\vendor\\laravel\\framework\\src\\Illuminate\\Pipeline\\Pipeline.php(167): EShop\\Core\\Front\\Middleware\\Localization->handle(Object(Illuminate\\Http\\Request), Object(Closure))
#24 C:\\xampp7\\htdocs\\eshop\\vendor\\laravel\\framework\\src\\Illuminate\\Routing\\Middleware\\SubstituteBindings.php(50): Illuminate\\Pipeline\\Pipeline->Illuminate\\Pipeline\\{closure}(Object(Illuminate\\Http\\Request))
#25 C:\\xampp7\\htdocs\\eshop\\vendor\\laravel\\framework\\src\\Illuminate\\Pipeline\\Pipeline.php(167): Illuminate\\Routing\\Middleware\\SubstituteBindings->handle(Object(Illuminate\\Http\\Request), Object(Closure))
#26 C:\\xampp7\\htdocs\\eshop\\vendor\\laravel\\framework\\src\\Illuminate\\Foundation\\Http\\Middleware\\VerifyCsrfToken.php(78): Illuminate\\Pipeline\\Pipeline->Illuminate\\Pipeline\\{closure}(Object(Illuminate\\Http\\Request))
#27 C:\\xampp7\\htdocs\\eshop\\vendor\\laravel\\framework\\src\\Illuminate\\Pipeline\\Pipeline.php(167): Illuminate\\Foundation\\Http\\Middleware\\VerifyCsrfToken->handle(Object(Illuminate\\Http\\Request), Object(Closure))
#28 C:\\xampp7\\htdocs\\eshop\\vendor\\laravel\\framework\\src\\Illuminate\\View\\Middleware\\ShareErrorsFromSession.php(49): Illuminate\\Pipeline\\Pipeline->Illuminate\\Pipeline\\{closure}(Object(Illuminate\\Http\\Request))
#29 C:\\xampp7\\htdocs\\eshop\\vendor\\laravel\\framework\\src\\Illuminate\\Pipeline\\Pipeline.php(167): Illuminate\\View\\Middleware\\ShareErrorsFromSession->handle(Object(Illuminate\\Http\\Request), Object(Closure))
#30 C:\\xampp7\\htdocs\\eshop\\vendor\\laravel\\framework\\src\\Illuminate\\Session\\Middleware\\StartSession.php(121): Illuminate\\Pipeline\\Pipeline->Illuminate\\Pipeline\\{closure}(Object(Illuminate\\Http\\Request))
#31 C:\\xampp7\\htdocs\\eshop\\vendor\\laravel\\framework\\src\\Illuminate\\Session\\Middleware\\StartSession.php(64): Illuminate\\Session\\Middleware\\StartSession->handleStatefulRequest(Object(Illuminate\\Http\\Request), Object(Illuminate\\Session\\Store), Object(Closure))
#32 C:\\xampp7\\htdocs\\eshop\\vendor\\laravel\\framework\\src\\Illuminate\\Pipeline\\Pipeline.php(167): Illuminate\\Session\\Middleware\\StartSession->handle(Object(Illuminate\\Http\\Request), Object(Closure))
#33 C:\\xampp7\\htdocs\\eshop\\vendor\\laravel\\framework\\src\\Illuminate\\Cookie\\Middleware\\AddQueuedCookiesToResponse.php(37): Illuminate\\Pipeline\\Pipeline->Illuminate\\Pipeline\\{closure}(Object(Illuminate\\Http\\Request))
#34 C:\\xampp7\\htdocs\\eshop\\vendor\\laravel\\framework\\src\\Illuminate\\Pipeline\\Pipeline.php(167): Illuminate\\Cookie\\Middleware\\AddQueuedCookiesToResponse->handle(Object(Illuminate\\Http\\Request), Object(Closure))
#35 C:\\xampp7\\htdocs\\eshop\\vendor\\laravel\\framework\\src\\Illuminate\\Cookie\\Middleware\\EncryptCookies.php(67): Illuminate\\Pipeline\\Pipeline->Illuminate\\Pipeline\\{closure}(Object(Illuminate\\Http\\Request))
#36 C:\\xampp7\\htdocs\\eshop\\vendor\\laravel\\framework\\src\\Illuminate\\Pipeline\\Pipeline.php(167): Illuminate\\Cookie\\Middleware\\EncryptCookies->handle(Object(Illuminate\\Http\\Request), Object(Closure))
#37 C:\\xampp7\\htdocs\\eshop\\vendor\\laravel\\framework\\src\\Illuminate\\Pipeline\\Pipeline.php(103): Illuminate\\Pipeline\\Pipeline->Illuminate\\Pipeline\\{closure}(Object(Illuminate\\Http\\Request))
#38 C:\\xampp7\\htdocs\\eshop\\vendor\\laravel\\framework\\src\\Illuminate\\Routing\\Router.php(697): Illuminate\\Pipeline\\Pipeline->then(Object(Closure))
#39 C:\\xampp7\\htdocs\\eshop\\vendor\\laravel\\framework\\src\\Illuminate\\Routing\\Router.php(672): Illuminate\\Routing\\Router->runRouteWithinStack(Object(Illuminate\\Routing\\Route), Object(Illuminate\\Http\\Request))
#40 C:\\xampp7\\htdocs\\eshop\\vendor\\laravel\\framework\\src\\Illuminate\\Routing\\Router.php(636): Illuminate\\Routing\\Router->runRoute(Object(Illuminate\\Http\\Request), Object(Illuminate\\Routing\\Route))
#41 C:\\xampp7\\htdocs\\eshop\\vendor\\laravel\\framework\\src\\Illuminate\\Routing\\Router.php(625): Illuminate\\Routing\\Router->dispatchToRoute(Object(Illuminate\\Http\\Request))
#42 C:\\xampp7\\htdocs\\eshop\\vendor\\laravel\\framework\\src\\Illuminate\\Foundation\\Http\\Kernel.php(166): Illuminate\\Routing\\Router->dispatch(Object(Illuminate\\Http\\Request))
#43 C:\\xampp7\\htdocs\\eshop\\vendor\\laravel\\framework\\src\\Illuminate\\Pipeline\\Pipeline.php(128): Illuminate\\Foundation\\Http\\Kernel->Illuminate\\Foundation\\Http\\{closure}(Object(Illuminate\\Http\\Request))
#44 C:\\xampp7\\htdocs\\eshop\\vendor\\barryvdh\\laravel-debugbar\\src\\Middleware\\InjectDebugbar.php(67): Illuminate\\Pipeline\\Pipeline->Illuminate\\Pipeline\\{closure}(Object(Illuminate\\Http\\Request))
#45 C:\\xampp7\\htdocs\\eshop\\vendor\\laravel\\framework\\src\\Illuminate\\Pipeline\\Pipeline.php(167): Barryvdh\\Debugbar\\Middleware\\InjectDebugbar->handle(Object(Illuminate\\Http\\Request), Object(Closure))
#46 C:\\xampp7\\htdocs\\eshop\\vendor\\spatie\\laravel-pjax\\src\\Middleware\\FilterIfPjax.php(18): Illuminate\\Pipeline\\Pipeline->Illuminate\\Pipeline\\{closure}(Object(Illuminate\\Http\\Request))
#47 C:\\xampp7\\htdocs\\eshop\\vendor\\laravel\\framework\\src\\Illuminate\\Pipeline\\Pipeline.php(167): Spatie\\Pjax\\Middleware\\FilterIfPjax->handle(Object(Illuminate\\Http\\Request), Object(Closure))
#48 C:\\xampp7\\htdocs\\eshop\\vendor\\fideloper\\proxy\\src\\TrustProxies.php(57): Illuminate\\Pipeline\\Pipeline->Illuminate\\Pipeline\\{closure}(Object(Illuminate\\Http\\Request))
#49 C:\\xampp7\\htdocs\\eshop\\vendor\\laravel\\framework\\src\\Illuminate\\Pipeline\\Pipeline.php(167): Fideloper\\Proxy\\TrustProxies->handle(Object(Illuminate\\Http\\Request), Object(Closure))
#50 C:\\xampp7\\htdocs\\eshop\\vendor\\laravel\\framework\\src\\Illuminate\\Foundation\\Http\\Middleware\\TransformsRequest.php(21): Illuminate\\Pipeline\\Pipeline->Illuminate\\Pipeline\\{closure}(Object(Illuminate\\Http\\Request))
#51 C:\\xampp7\\htdocs\\eshop\\vendor\\laravel\\framework\\src\\Illuminate\\Pipeline\\Pipeline.php(167): Illuminate\\Foundation\\Http\\Middleware\\TransformsRequest->handle(Object(Illuminate\\Http\\Request), Object(Closure))
#52 C:\\xampp7\\htdocs\\eshop\\vendor\\laravel\\framework\\src\\Illuminate\\Foundation\\Http\\Middleware\\TransformsRequest.php(21): Illuminate\\Pipeline\\Pipeline->Illuminate\\Pipeline\\{closure}(Object(Illuminate\\Http\\Request))
#53 C:\\xampp7\\htdocs\\eshop\\vendor\\laravel\\framework\\src\\Illuminate\\Pipeline\\Pipeline.php(167): Illuminate\\Foundation\\Http\\Middleware\\TransformsRequest->handle(Object(Illuminate\\Http\\Request), Object(Closure))
#54 C:\\xampp7\\htdocs\\eshop\\vendor\\laravel\\framework\\src\\Illuminate\\Foundation\\Http\\Middleware\\ValidatePostSize.php(27): Illuminate\\Pipeline\\Pipeline->Illuminate\\Pipeline\\{closure}(Object(Illuminate\\Http\\Request))
#55 C:\\xampp7\\htdocs\\eshop\\vendor\\laravel\\framework\\src\\Illuminate\\Pipeline\\Pipeline.php(167): Illuminate\\Foundation\\Http\\Middleware\\ValidatePostSize->handle(Object(Illuminate\\Http\\Request), Object(Closure))
#56 C:\\xampp7\\htdocs\\eshop\\vendor\\laravel\\framework\\src\\Illuminate\\Foundation\\Http\\Middleware\\PreventRequestsDuringMaintenance.php(86): Illuminate\\Pipeline\\Pipeline->Illuminate\\Pipeline\\{closure}(Object(Illuminate\\Http\\Request))
#57 C:\\xampp7\\htdocs\\eshop\\vendor\\laravel\\framework\\src\\Illuminate\\Pipeline\\Pipeline.php(167): Illuminate\\Foundation\\Http\\Middleware\\PreventRequestsDuringMaintenance->handle(Object(Illuminate\\Http\\Request), Object(Closure))
#58 C:\\xampp7\\htdocs\\eshop\\vendor\\laravel\\framework\\src\\Illuminate\\Pipeline\\Pipeline.php(103): Illuminate\\Pipeline\\Pipeline->Illuminate\\Pipeline\\{closure}(Object(Illuminate\\Http\\Request))
#59 C:\\xampp7\\htdocs\\eshop\\vendor\\laravel\\framework\\src\\Illuminate\\Foundation\\Http\\Kernel.php(141): Illuminate\\Pipeline\\Pipeline->then(Object(Closure))
#60 C:\\xampp7\\htdocs\\eshop\\vendor\\laravel\\framework\\src\\Illuminate\\Foundation\\Http\\Kernel.php(110): Illuminate\\Foundation\\Http\\Kernel->sendRequestThroughRouter(Object(Illuminate\\Http\\Request))
#61 C:\\xampp7\\htdocs\\eshop\\public\\index.php(82): Illuminate\\Foundation\\Http\\Kernel->handle(Object(Illuminate\\Http\\Request))
#62 C:\\xampp7\\htdocs\\eshop\\server.php(21): require_once('C:\\\\xampp7\\\\htdoc...')
#63 {main}
"} 
[2021-07-26 00:44:50] local.ERROR: 2021-07-26 00:44:50:
```Undefined offset: 1```
*File* `C:\xampp7\htdocs\eshop\app\Plugins\Cms\Content\Admin\Models\AdminCmsCategory.php`, *Line:* 81, *Code:* 0
URL= http://127.0.0.1:8000/adminme/cms_content/create
  
[2021-07-26 00:44:50] local.ERROR: Undefined offset: 1 {"exception":"[object] (ErrorException(code: 0): Undefined offset: 1 at C:\\xampp7\\htdocs\\eshop\\app\\Plugins\\Cms\\Content\\Admin\\Models\\AdminCmsCategory.php:81)
[stacktrace]
#0 C:\\xampp7\\htdocs\\eshop\\app\\Plugins\\Cms\\Content\\Admin\\Models\\AdminCmsCategory.php(81): Illuminate\\Foundation\\Bootstrap\\HandleExceptions->handleError(8, 'Undefined offse...', 'C:\\\\xampp7\\\\htdoc...', 81, Array)
#1 C:\\xampp7\\htdocs\\eshop\\app\\Plugins\\Cms\\Content\\Admin\\CmsContentController.php(143): App\\Plugins\\Cms\\Content\\Admin\\Models\\AdminCmsCategory->getTreeCategoriesAdmin()
#2 C:\\xampp7\\htdocs\\eshop\\vendor\\laravel\\framework\\src\\Illuminate\\Routing\\Controller.php(54): App\\Plugins\\Cms\\Content\\Admin\\CmsContentController->create()
#3 C:\\xampp7\\htdocs\\eshop\\vendor\\laravel\\framework\\src\\Illuminate\\Routing\\ControllerDispatcher.php(45): Illuminate\\Routing\\Controller->callAction('create', Array)
#4 C:\\xampp7\\htdocs\\eshop\\vendor\\laravel\\framework\\src\\Illuminate\\Routing\\Route.php(254): Illuminate\\Routing\\ControllerDispatcher->dispatch(Object(Illuminate\\Routing\\Route), Object(App\\Plugins\\Cms\\Content\\Admin\\CmsContentController), 'create')
#5 C:\\xampp7\\htdocs\\eshop\\vendor\\laravel\\framework\\src\\Illuminate\\Routing\\Route.php(197): Illuminate\\Routing\\Route->runController()
#6 C:\\xampp7\\htdocs\\eshop\\vendor\\laravel\\framework\\src\\Illuminate\\Routing\\Router.php(695): Illuminate\\Routing\\Route->run()
#7 C:\\xampp7\\htdocs\\eshop\\vendor\\laravel\\framework\\src\\Illuminate\\Pipeline\\Pipeline.php(128): Illuminate\\Routing\\Router->Illuminate\\Routing\\{closure}(Object(Illuminate\\Http\\Request))
#8 C:\\xampp7\\htdocs\\eshop\\vendor\\eshop\\core\\src\\Admin\\Middleware\\AdminTheme.php(27): Illuminate\\Pipeline\\Pipeline->Illuminate\\Pipeline\\{closure}(Object(Illuminate\\Http\\Request))
#9 C:\\xampp7\\htdocs\\eshop\\vendor\\laravel\\framework\\src\\Illuminate\\Pipeline\\Pipeline.php(167): EShop\\Core\\Admin\\Middleware\\AdminTheme->handle(Object(Illuminate\\Http\\Request), Object(Closure))
#10 C:\\xampp7\\htdocs\\eshop\\vendor\\eshop\\core\\src\\Admin\\Middleware\\AdminStoreId.php(40): Illuminate\\Pipeline\\Pipeline->Illuminate\\Pipeline\\{closure}(Object(Illuminate\\Http\\Request))
#11 C:\\xampp7\\htdocs\\eshop\\vendor\\laravel\\framework\\src\\Illuminate\\Pipeline\\Pipeline.php(167): EShop\\Core\\Admin\\Middleware\\AdminStoreId->handle(Object(Illuminate\\Http\\Request), Object(Closure))
#12 C:\\xampp7\\htdocs\\eshop\\vendor\\eshop\\core\\src\\Admin\\Middleware\\LogOperation.php(38): Illuminate\\Pipeline\\Pipeline->Illuminate\\Pipeline\\{closure}(Object(Illuminate\\Http\\Request))
#13 C:\\xampp7\\htdocs\\eshop\\vendor\\laravel\\framework\\src\\Illuminate\\Pipeline\\Pipeline.php(167): EShop\\Core\\Admin\\Middleware\\LogOperation->handle(Object(Illuminate\\Http\\Request), Object(Closure))
#14 C:\\xampp7\\htdocs\\eshop\\vendor\\eshop\\core\\src\\Admin\\Middleware\\PermissionMiddleware.php(30): Illuminate\\Pipeline\\Pipeline->Illuminate\\Pipeline\\{closure}(Object(Illuminate\\Http\\Request))
#15 C:\\xampp7\\htdocs\\eshop\\vendor\\laravel\\framework\\src\\Illuminate\\Pipeline\\Pipeline.php(167): EShop\\Core\\Admin\\Middleware\\PermissionMiddleware->handle(Object(Illuminate\\Http\\Request), Object(Closure))
#16 C:\\xampp7\\htdocs\\eshop\\vendor\\eshop\\core\\src\\Admin\\Middleware\\Authenticate.php(25): Illuminate\\Pipeline\\Pipeline->Illuminate\\Pipeline\\{closure}(Object(Illuminate\\Http\\Request))
#17 C:\\xampp7\\htdocs\\eshop\\vendor\\laravel\\framework\\src\\Illuminate\\Pipeline\\Pipeline.php(167): EShop\\Core\\Admin\\Middleware\\Authenticate->handle(Object(Illuminate\\Http\\Request), Object(Closure))
#18 C:\\xampp7\\htdocs\\eshop\\vendor\\eshop\\core\\src\\Front\\Middleware\\CheckDomain.php(28): Illuminate\\Pipeline\\Pipeline->Illuminate\\Pipeline\\{closure}(Object(Illuminate\\Http\\Request))
#19 C:\\xampp7\\htdocs\\eshop\\vendor\\laravel\\framework\\src\\Illuminate\\Pipeline\\Pipeline.php(167): EShop\\Core\\Front\\Middleware\\CheckDomain->handle(Object(Illuminate\\Http\\Request), Object(Closure))
#20 C:\\xampp7\\htdocs\\eshop\\vendor\\eshop\\core\\src\\Front\\Middleware\\Currency.php(25): Illuminate\\Pipeline\\Pipeline->Illuminate\\Pipeline\\{closure}(Object(Illuminate\\Http\\Request))
#21 C:\\xampp7\\htdocs\\eshop\\vendor\\laravel\\framework\\src\\Illuminate\\Pipeline\\Pipeline.php(167): EShop\\Core\\Front\\Middleware\\Currency->handle(Object(Illuminate\\Http\\Request), Object(Closure))
#22 C:\\xampp7\\htdocs\\eshop\\vendor\\eshop\\core\\src\\Front\\Middleware\\Localization.php(31): Illuminate\\Pipeline\\Pipeline->Illuminate\\Pipeline\\{closure}(Object(Illuminate\\Http\\Request))
#23 C:\\xampp7\\htdocs\\eshop\\vendor\\laravel\\framework\\src\\Illuminate\\Pipeline\\Pipeline.php(167): EShop\\Core\\Front\\Middleware\\Localization->handle(Object(Illuminate\\Http\\Request), Object(Closure))
#24 C:\\xampp7\\htdocs\\eshop\\vendor\\laravel\\framework\\src\\Illuminate\\Routing\\Middleware\\SubstituteBindings.php(50): Illuminate\\Pipeline\\Pipeline->Illuminate\\Pipeline\\{closure}(Object(Illuminate\\Http\\Request))
#25 C:\\xampp7\\htdocs\\eshop\\vendor\\laravel\\framework\\src\\Illuminate\\Pipeline\\Pipeline.php(167): Illuminate\\Routing\\Middleware\\SubstituteBindings->handle(Object(Illuminate\\Http\\Request), Object(Closure))
#26 C:\\xampp7\\htdocs\\eshop\\vendor\\laravel\\framework\\src\\Illuminate\\Foundation\\Http\\Middleware\\VerifyCsrfToken.php(78): Illuminate\\Pipeline\\Pipeline->Illuminate\\Pipeline\\{closure}(Object(Illuminate\\Http\\Request))
#27 C:\\xampp7\\htdocs\\eshop\\vendor\\laravel\\framework\\src\\Illuminate\\Pipeline\\Pipeline.php(167): Illuminate\\Foundation\\Http\\Middleware\\VerifyCsrfToken->handle(Object(Illuminate\\Http\\Request), Object(Closure))
#28 C:\\xampp7\\htdocs\\eshop\\vendor\\laravel\\framework\\src\\Illuminate\\View\\Middleware\\ShareErrorsFromSession.php(49): Illuminate\\Pipeline\\Pipeline->Illuminate\\Pipeline\\{closure}(Object(Illuminate\\Http\\Request))
#29 C:\\xampp7\\htdocs\\eshop\\vendor\\laravel\\framework\\src\\Illuminate\\Pipeline\\Pipeline.php(167): Illuminate\\View\\Middleware\\ShareErrorsFromSession->handle(Object(Illuminate\\Http\\Request), Object(Closure))
#30 C:\\xampp7\\htdocs\\eshop\\vendor\\laravel\\framework\\src\\Illuminate\\Session\\Middleware\\StartSession.php(121): Illuminate\\Pipeline\\Pipeline->Illuminate\\Pipeline\\{closure}(Object(Illuminate\\Http\\Request))
#31 C:\\xampp7\\htdocs\\eshop\\vendor\\laravel\\framework\\src\\Illuminate\\Session\\Middleware\\StartSession.php(64): Illuminate\\Session\\Middleware\\StartSession->handleStatefulRequest(Object(Illuminate\\Http\\Request), Object(Illuminate\\Session\\Store), Object(Closure))
#32 C:\\xampp7\\htdocs\\eshop\\vendor\\laravel\\framework\\src\\Illuminate\\Pipeline\\Pipeline.php(167): Illuminate\\Session\\Middleware\\StartSession->handle(Object(Illuminate\\Http\\Request), Object(Closure))
#33 C:\\xampp7\\htdocs\\eshop\\vendor\\laravel\\framework\\src\\Illuminate\\Cookie\\Middleware\\AddQueuedCookiesToResponse.php(37): Illuminate\\Pipeline\\Pipeline->Illuminate\\Pipeline\\{closure}(Object(Illuminate\\Http\\Request))
#34 C:\\xampp7\\htdocs\\eshop\\vendor\\laravel\\framework\\src\\Illuminate\\Pipeline\\Pipeline.php(167): Illuminate\\Cookie\\Middleware\\AddQueuedCookiesToResponse->handle(Object(Illuminate\\Http\\Request), Object(Closure))
#35 C:\\xampp7\\htdocs\\eshop\\vendor\\laravel\\framework\\src\\Illuminate\\Cookie\\Middleware\\EncryptCookies.php(67): Illuminate\\Pipeline\\Pipeline->Illuminate\\Pipeline\\{closure}(Object(Illuminate\\Http\\Request))
#36 C:\\xampp7\\htdocs\\eshop\\vendor\\laravel\\framework\\src\\Illuminate\\Pipeline\\Pipeline.php(167): Illuminate\\Cookie\\Middleware\\EncryptCookies->handle(Object(Illuminate\\Http\\Request), Object(Closure))
#37 C:\\xampp7\\htdocs\\eshop\\vendor\\laravel\\framework\\src\\Illuminate\\Pipeline\\Pipeline.php(103): Illuminate\\Pipeline\\Pipeline->Illuminate\\Pipeline\\{closure}(Object(Illuminate\\Http\\Request))
#38 C:\\xampp7\\htdocs\\eshop\\vendor\\laravel\\framework\\src\\Illuminate\\Routing\\Router.php(697): Illuminate\\Pipeline\\Pipeline->then(Object(Closure))
#39 C:\\xampp7\\htdocs\\eshop\\vendor\\laravel\\framework\\src\\Illuminate\\Routing\\Router.php(672): Illuminate\\Routing\\Router->runRouteWithinStack(Object(Illuminate\\Routing\\Route), Object(Illuminate\\Http\\Request))
#40 C:\\xampp7\\htdocs\\eshop\\vendor\\laravel\\framework\\src\\Illuminate\\Routing\\Router.php(636): Illuminate\\Routing\\Router->runRoute(Object(Illuminate\\Http\\Request), Object(Illuminate\\Routing\\Route))
#41 C:\\xampp7\\htdocs\\eshop\\vendor\\laravel\\framework\\src\\Illuminate\\Routing\\Router.php(625): Illuminate\\Routing\\Router->dispatchToRoute(Object(Illuminate\\Http\\Request))
#42 C:\\xampp7\\htdocs\\eshop\\vendor\\laravel\\framework\\src\\Illuminate\\Foundation\\Http\\Kernel.php(166): Illuminate\\Routing\\Router->dispatch(Object(Illuminate\\Http\\Request))
#43 C:\\xampp7\\htdocs\\eshop\\vendor\\laravel\\framework\\src\\Illuminate\\Pipeline\\Pipeline.php(128): Illuminate\\Foundation\\Http\\Kernel->Illuminate\\Foundation\\Http\\{closure}(Object(Illuminate\\Http\\Request))
#44 C:\\xampp7\\htdocs\\eshop\\vendor\\barryvdh\\laravel-debugbar\\src\\Middleware\\InjectDebugbar.php(67): Illuminate\\Pipeline\\Pipeline->Illuminate\\Pipeline\\{closure}(Object(Illuminate\\Http\\Request))
#45 C:\\xampp7\\htdocs\\eshop\\vendor\\laravel\\framework\\src\\Illuminate\\Pipeline\\Pipeline.php(167): Barryvdh\\Debugbar\\Middleware\\InjectDebugbar->handle(Object(Illuminate\\Http\\Request), Object(Closure))
#46 C:\\xampp7\\htdocs\\eshop\\vendor\\spatie\\laravel-pjax\\src\\Middleware\\FilterIfPjax.php(18): Illuminate\\Pipeline\\Pipeline->Illuminate\\Pipeline\\{closure}(Object(Illuminate\\Http\\Request))
#47 C:\\xampp7\\htdocs\\eshop\\vendor\\laravel\\framework\\src\\Illuminate\\Pipeline\\Pipeline.php(167): Spatie\\Pjax\\Middleware\\FilterIfPjax->handle(Object(Illuminate\\Http\\Request), Object(Closure))
#48 C:\\xampp7\\htdocs\\eshop\\vendor\\fideloper\\proxy\\src\\TrustProxies.php(57): Illuminate\\Pipeline\\Pipeline->Illuminate\\Pipeline\\{closure}(Object(Illuminate\\Http\\Request))
#49 C:\\xampp7\\htdocs\\eshop\\vendor\\laravel\\framework\\src\\Illuminate\\Pipeline\\Pipeline.php(167): Fideloper\\Proxy\\TrustProxies->handle(Object(Illuminate\\Http\\Request), Object(Closure))
#50 C:\\xampp7\\htdocs\\eshop\\vendor\\laravel\\framework\\src\\Illuminate\\Foundation\\Http\\Middleware\\TransformsRequest.php(21): Illuminate\\Pipeline\\Pipeline->Illuminate\\Pipeline\\{closure}(Object(Illuminate\\Http\\Request))
#51 C:\\xampp7\\htdocs\\eshop\\vendor\\laravel\\framework\\src\\Illuminate\\Pipeline\\Pipeline.php(167): Illuminate\\Foundation\\Http\\Middleware\\TransformsRequest->handle(Object(Illuminate\\Http\\Request), Object(Closure))
#52 C:\\xampp7\\htdocs\\eshop\\vendor\\laravel\\framework\\src\\Illuminate\\Foundation\\Http\\Middleware\\TransformsRequest.php(21): Illuminate\\Pipeline\\Pipeline->Illuminate\\Pipeline\\{closure}(Object(Illuminate\\Http\\Request))
#53 C:\\xampp7\\htdocs\\eshop\\vendor\\laravel\\framework\\src\\Illuminate\\Pipeline\\Pipeline.php(167): Illuminate\\Foundation\\Http\\Middleware\\TransformsRequest->handle(Object(Illuminate\\Http\\Request), Object(Closure))
#54 C:\\xampp7\\htdocs\\eshop\\vendor\\laravel\\framework\\src\\Illuminate\\Foundation\\Http\\Middleware\\ValidatePostSize.php(27): Illuminate\\Pipeline\\Pipeline->Illuminate\\Pipeline\\{closure}(Object(Illuminate\\Http\\Request))
#55 C:\\xampp7\\htdocs\\eshop\\vendor\\laravel\\framework\\src\\Illuminate\\Pipeline\\Pipeline.php(167): Illuminate\\Foundation\\Http\\Middleware\\ValidatePostSize->handle(Object(Illuminate\\Http\\Request), Object(Closure))
#56 C:\\xampp7\\htdocs\\eshop\\vendor\\laravel\\framework\\src\\Illuminate\\Foundation\\Http\\Middleware\\PreventRequestsDuringMaintenance.php(86): Illuminate\\Pipeline\\Pipeline->Illuminate\\Pipeline\\{closure}(Object(Illuminate\\Http\\Request))
#57 C:\\xampp7\\htdocs\\eshop\\vendor\\laravel\\framework\\src\\Illuminate\\Pipeline\\Pipeline.php(167): Illuminate\\Foundation\\Http\\Middleware\\PreventRequestsDuringMaintenance->handle(Object(Illuminate\\Http\\Request), Object(Closure))
#58 C:\\xampp7\\htdocs\\eshop\\vendor\\laravel\\framework\\src\\Illuminate\\Pipeline\\Pipeline.php(103): Illuminate\\Pipeline\\Pipeline->Illuminate\\Pipeline\\{closure}(Object(Illuminate\\Http\\Request))
#59 C:\\xampp7\\htdocs\\eshop\\vendor\\laravel\\framework\\src\\Illuminate\\Foundation\\Http\\Kernel.php(141): Illuminate\\Pipeline\\Pipeline->then(Object(Closure))
#60 C:\\xampp7\\htdocs\\eshop\\vendor\\laravel\\framework\\src\\Illuminate\\Foundation\\Http\\Kernel.php(110): Illuminate\\Foundation\\Http\\Kernel->sendRequestThroughRouter(Object(Illuminate\\Http\\Request))
#61 C:\\xampp7\\htdocs\\eshop\\public\\index.php(82): Illuminate\\Foundation\\Http\\Kernel->handle(Object(Illuminate\\Http\\Request))
#62 C:\\xampp7\\htdocs\\eshop\\server.php(21): require_once('C:\\\\xampp7\\\\htdoc...')
#63 {main}
"} 
[2021-07-26 00:45:07] local.ERROR: 2021-07-26 00:45:07:
```Undefined offset: 1```
*File* `C:\xampp7\htdocs\eshop\app\Plugins\Cms\Content\Admin\Models\AdminCmsCategory.php`, *Line:* 81, *Code:* 0
URL= http://127.0.0.1:8000/adminme/cms_category/create
  
[2021-07-26 00:45:07] local.ERROR: Undefined offset: 1 {"exception":"[object] (ErrorException(code: 0): Undefined offset: 1 at C:\\xampp7\\htdocs\\eshop\\app\\Plugins\\Cms\\Content\\Admin\\Models\\AdminCmsCategory.php:81)
[stacktrace]
#0 C:\\xampp7\\htdocs\\eshop\\app\\Plugins\\Cms\\Content\\Admin\\Models\\AdminCmsCategory.php(81): Illuminate\\Foundation\\Bootstrap\\HandleExceptions->handleError(8, 'Undefined offse...', 'C:\\\\xampp7\\\\htdoc...', 81, Array)
#1 C:\\xampp7\\htdocs\\eshop\\app\\Plugins\\Cms\\Content\\Admin\\CmsCategoryController.php(139): App\\Plugins\\Cms\\Content\\Admin\\Models\\AdminCmsCategory->getTreeCategoriesAdmin()
#2 C:\\xampp7\\htdocs\\eshop\\vendor\\laravel\\framework\\src\\Illuminate\\Routing\\Controller.php(54): App\\Plugins\\Cms\\Content\\Admin\\CmsCategoryController->create()
#3 C:\\xampp7\\htdocs\\eshop\\vendor\\laravel\\framework\\src\\Illuminate\\Routing\\ControllerDispatcher.php(45): Illuminate\\Routing\\Controller->callAction('create', Array)
#4 C:\\xampp7\\htdocs\\eshop\\vendor\\laravel\\framework\\src\\Illuminate\\Routing\\Route.php(254): Illuminate\\Routing\\ControllerDispatcher->dispatch(Object(Illuminate\\Routing\\Route), Object(App\\Plugins\\Cms\\Content\\Admin\\CmsCategoryController), 'create')
#5 C:\\xampp7\\htdocs\\eshop\\vendor\\laravel\\framework\\src\\Illuminate\\Routing\\Route.php(197): Illuminate\\Routing\\Route->runController()
#6 C:\\xampp7\\htdocs\\eshop\\vendor\\laravel\\framework\\src\\Illuminate\\Routing\\Router.php(695): Illuminate\\Routing\\Route->run()
#7 C:\\xampp7\\htdocs\\eshop\\vendor\\laravel\\framework\\src\\Illuminate\\Pipeline\\Pipeline.php(128): Illuminate\\Routing\\Router->Illuminate\\Routing\\{closure}(Object(Illuminate\\Http\\Request))
#8 C:\\xampp7\\htdocs\\eshop\\vendor\\eshop\\core\\src\\Admin\\Middleware\\AdminTheme.php(27): Illuminate\\Pipeline\\Pipeline->Illuminate\\Pipeline\\{closure}(Object(Illuminate\\Http\\Request))
#9 C:\\xampp7\\htdocs\\eshop\\vendor\\laravel\\framework\\src\\Illuminate\\Pipeline\\Pipeline.php(167): EShop\\Core\\Admin\\Middleware\\AdminTheme->handle(Object(Illuminate\\Http\\Request), Object(Closure))
#10 C:\\xampp7\\htdocs\\eshop\\vendor\\eshop\\core\\src\\Admin\\Middleware\\AdminStoreId.php(40): Illuminate\\Pipeline\\Pipeline->Illuminate\\Pipeline\\{closure}(Object(Illuminate\\Http\\Request))
#11 C:\\xampp7\\htdocs\\eshop\\vendor\\laravel\\framework\\src\\Illuminate\\Pipeline\\Pipeline.php(167): EShop\\Core\\Admin\\Middleware\\AdminStoreId->handle(Object(Illuminate\\Http\\Request), Object(Closure))
#12 C:\\xampp7\\htdocs\\eshop\\vendor\\eshop\\core\\src\\Admin\\Middleware\\LogOperation.php(38): Illuminate\\Pipeline\\Pipeline->Illuminate\\Pipeline\\{closure}(Object(Illuminate\\Http\\Request))
#13 C:\\xampp7\\htdocs\\eshop\\vendor\\laravel\\framework\\src\\Illuminate\\Pipeline\\Pipeline.php(167): EShop\\Core\\Admin\\Middleware\\LogOperation->handle(Object(Illuminate\\Http\\Request), Object(Closure))
#14 C:\\xampp7\\htdocs\\eshop\\vendor\\eshop\\core\\src\\Admin\\Middleware\\PermissionMiddleware.php(30): Illuminate\\Pipeline\\Pipeline->Illuminate\\Pipeline\\{closure}(Object(Illuminate\\Http\\Request))
#15 C:\\xampp7\\htdocs\\eshop\\vendor\\laravel\\framework\\src\\Illuminate\\Pipeline\\Pipeline.php(167): EShop\\Core\\Admin\\Middleware\\PermissionMiddleware->handle(Object(Illuminate\\Http\\Request), Object(Closure))
#16 C:\\xampp7\\htdocs\\eshop\\vendor\\eshop\\core\\src\\Admin\\Middleware\\Authenticate.php(25): Illuminate\\Pipeline\\Pipeline->Illuminate\\Pipeline\\{closure}(Object(Illuminate\\Http\\Request))
#17 C:\\xampp7\\htdocs\\eshop\\vendor\\laravel\\framework\\src\\Illuminate\\Pipeline\\Pipeline.php(167): EShop\\Core\\Admin\\Middleware\\Authenticate->handle(Object(Illuminate\\Http\\Request), Object(Closure))
#18 C:\\xampp7\\htdocs\\eshop\\vendor\\eshop\\core\\src\\Front\\Middleware\\CheckDomain.php(28): Illuminate\\Pipeline\\Pipeline->Illuminate\\Pipeline\\{closure}(Object(Illuminate\\Http\\Request))
#19 C:\\xampp7\\htdocs\\eshop\\vendor\\laravel\\framework\\src\\Illuminate\\Pipeline\\Pipeline.php(167): EShop\\Core\\Front\\Middleware\\CheckDomain->handle(Object(Illuminate\\Http\\Request), Object(Closure))
#20 C:\\xampp7\\htdocs\\eshop\\vendor\\eshop\\core\\src\\Front\\Middleware\\Currency.php(25): Illuminate\\Pipeline\\Pipeline->Illuminate\\Pipeline\\{closure}(Object(Illuminate\\Http\\Request))
#21 C:\\xampp7\\htdocs\\eshop\\vendor\\laravel\\framework\\src\\Illuminate\\Pipeline\\Pipeline.php(167): EShop\\Core\\Front\\Middleware\\Currency->handle(Object(Illuminate\\Http\\Request), Object(Closure))
#22 C:\\xampp7\\htdocs\\eshop\\vendor\\eshop\\core\\src\\Front\\Middleware\\Localization.php(31): Illuminate\\Pipeline\\Pipeline->Illuminate\\Pipeline\\{closure}(Object(Illuminate\\Http\\Request))
#23 C:\\xampp7\\htdocs\\eshop\\vendor\\laravel\\framework\\src\\Illuminate\\Pipeline\\Pipeline.php(167): EShop\\Core\\Front\\Middleware\\Localization->handle(Object(Illuminate\\Http\\Request), Object(Closure))
#24 C:\\xampp7\\htdocs\\eshop\\vendor\\laravel\\framework\\src\\Illuminate\\Routing\\Middleware\\SubstituteBindings.php(50): Illuminate\\Pipeline\\Pipeline->Illuminate\\Pipeline\\{closure}(Object(Illuminate\\Http\\Request))
#25 C:\\xampp7\\htdocs\\eshop\\vendor\\laravel\\framework\\src\\Illuminate\\Pipeline\\Pipeline.php(167): Illuminate\\Routing\\Middleware\\SubstituteBindings->handle(Object(Illuminate\\Http\\Request), Object(Closure))
#26 C:\\xampp7\\htdocs\\eshop\\vendor\\laravel\\framework\\src\\Illuminate\\Foundation\\Http\\Middleware\\VerifyCsrfToken.php(78): Illuminate\\Pipeline\\Pipeline->Illuminate\\Pipeline\\{closure}(Object(Illuminate\\Http\\Request))
#27 C:\\xampp7\\htdocs\\eshop\\vendor\\laravel\\framework\\src\\Illuminate\\Pipeline\\Pipeline.php(167): Illuminate\\Foundation\\Http\\Middleware\\VerifyCsrfToken->handle(Object(Illuminate\\Http\\Request), Object(Closure))
#28 C:\\xampp7\\htdocs\\eshop\\vendor\\laravel\\framework\\src\\Illuminate\\View\\Middleware\\ShareErrorsFromSession.php(49): Illuminate\\Pipeline\\Pipeline->Illuminate\\Pipeline\\{closure}(Object(Illuminate\\Http\\Request))
#29 C:\\xampp7\\htdocs\\eshop\\vendor\\laravel\\framework\\src\\Illuminate\\Pipeline\\Pipeline.php(167): Illuminate\\View\\Middleware\\ShareErrorsFromSession->handle(Object(Illuminate\\Http\\Request), Object(Closure))
#30 C:\\xampp7\\htdocs\\eshop\\vendor\\laravel\\framework\\src\\Illuminate\\Session\\Middleware\\StartSession.php(121): Illuminate\\Pipeline\\Pipeline->Illuminate\\Pipeline\\{closure}(Object(Illuminate\\Http\\Request))
#31 C:\\xampp7\\htdocs\\eshop\\vendor\\laravel\\framework\\src\\Illuminate\\Session\\Middleware\\StartSession.php(64): Illuminate\\Session\\Middleware\\StartSession->handleStatefulRequest(Object(Illuminate\\Http\\Request), Object(Illuminate\\Session\\Store), Object(Closure))
#32 C:\\xampp7\\htdocs\\eshop\\vendor\\laravel\\framework\\src\\Illuminate\\Pipeline\\Pipeline.php(167): Illuminate\\Session\\Middleware\\StartSession->handle(Object(Illuminate\\Http\\Request), Object(Closure))
#33 C:\\xampp7\\htdocs\\eshop\\vendor\\laravel\\framework\\src\\Illuminate\\Cookie\\Middleware\\AddQueuedCookiesToResponse.php(37): Illuminate\\Pipeline\\Pipeline->Illuminate\\Pipeline\\{closure}(Object(Illuminate\\Http\\Request))
#34 C:\\xampp7\\htdocs\\eshop\\vendor\\laravel\\framework\\src\\Illuminate\\Pipeline\\Pipeline.php(167): Illuminate\\Cookie\\Middleware\\AddQueuedCookiesToResponse->handle(Object(Illuminate\\Http\\Request), Object(Closure))
#35 C:\\xampp7\\htdocs\\eshop\\vendor\\laravel\\framework\\src\\Illuminate\\Cookie\\Middleware\\EncryptCookies.php(67): Illuminate\\Pipeline\\Pipeline->Illuminate\\Pipeline\\{closure}(Object(Illuminate\\Http\\Request))
#36 C:\\xampp7\\htdocs\\eshop\\vendor\\laravel\\framework\\src\\Illuminate\\Pipeline\\Pipeline.php(167): Illuminate\\Cookie\\Middleware\\EncryptCookies->handle(Object(Illuminate\\Http\\Request), Object(Closure))
#37 C:\\xampp7\\htdocs\\eshop\\vendor\\laravel\\framework\\src\\Illuminate\\Pipeline\\Pipeline.php(103): Illuminate\\Pipeline\\Pipeline->Illuminate\\Pipeline\\{closure}(Object(Illuminate\\Http\\Request))
#38 C:\\xampp7\\htdocs\\eshop\\vendor\\laravel\\framework\\src\\Illuminate\\Routing\\Router.php(697): Illuminate\\Pipeline\\Pipeline->then(Object(Closure))
#39 C:\\xampp7\\htdocs\\eshop\\vendor\\laravel\\framework\\src\\Illuminate\\Routing\\Router.php(672): Illuminate\\Routing\\Router->runRouteWithinStack(Object(Illuminate\\Routing\\Route), Object(Illuminate\\Http\\Request))
#40 C:\\xampp7\\htdocs\\eshop\\vendor\\laravel\\framework\\src\\Illuminate\\Routing\\Router.php(636): Illuminate\\Routing\\Router->runRoute(Object(Illuminate\\Http\\Request), Object(Illuminate\\Routing\\Route))
#41 C:\\xampp7\\htdocs\\eshop\\vendor\\laravel\\framework\\src\\Illuminate\\Routing\\Router.php(625): Illuminate\\Routing\\Router->dispatchToRoute(Object(Illuminate\\Http\\Request))
#42 C:\\xampp7\\htdocs\\eshop\\vendor\\laravel\\framework\\src\\Illuminate\\Foundation\\Http\\Kernel.php(166): Illuminate\\Routing\\Router->dispatch(Object(Illuminate\\Http\\Request))
#43 C:\\xampp7\\htdocs\\eshop\\vendor\\laravel\\framework\\src\\Illuminate\\Pipeline\\Pipeline.php(128): Illuminate\\Foundation\\Http\\Kernel->Illuminate\\Foundation\\Http\\{closure}(Object(Illuminate\\Http\\Request))
#44 C:\\xampp7\\htdocs\\eshop\\vendor\\barryvdh\\laravel-debugbar\\src\\Middleware\\InjectDebugbar.php(67): Illuminate\\Pipeline\\Pipeline->Illuminate\\Pipeline\\{closure}(Object(Illuminate\\Http\\Request))
#45 C:\\xampp7\\htdocs\\eshop\\vendor\\laravel\\framework\\src\\Illuminate\\Pipeline\\Pipeline.php(167): Barryvdh\\Debugbar\\Middleware\\InjectDebugbar->handle(Object(Illuminate\\Http\\Request), Object(Closure))
#46 C:\\xampp7\\htdocs\\eshop\\vendor\\spatie\\laravel-pjax\\src\\Middleware\\FilterIfPjax.php(18): Illuminate\\Pipeline\\Pipeline->Illuminate\\Pipeline\\{closure}(Object(Illuminate\\Http\\Request))
#47 C:\\xampp7\\htdocs\\eshop\\vendor\\laravel\\framework\\src\\Illuminate\\Pipeline\\Pipeline.php(167): Spatie\\Pjax\\Middleware\\FilterIfPjax->handle(Object(Illuminate\\Http\\Request), Object(Closure))
#48 C:\\xampp7\\htdocs\\eshop\\vendor\\fideloper\\proxy\\src\\TrustProxies.php(57): Illuminate\\Pipeline\\Pipeline->Illuminate\\Pipeline\\{closure}(Object(Illuminate\\Http\\Request))
#49 C:\\xampp7\\htdocs\\eshop\\vendor\\laravel\\framework\\src\\Illuminate\\Pipeline\\Pipeline.php(167): Fideloper\\Proxy\\TrustProxies->handle(Object(Illuminate\\Http\\Request), Object(Closure))
#50 C:\\xampp7\\htdocs\\eshop\\vendor\\laravel\\framework\\src\\Illuminate\\Foundation\\Http\\Middleware\\TransformsRequest.php(21): Illuminate\\Pipeline\\Pipeline->Illuminate\\Pipeline\\{closure}(Object(Illuminate\\Http\\Request))
#51 C:\\xampp7\\htdocs\\eshop\\vendor\\laravel\\framework\\src\\Illuminate\\Pipeline\\Pipeline.php(167): Illuminate\\Foundation\\Http\\Middleware\\TransformsRequest->handle(Object(Illuminate\\Http\\Request), Object(Closure))
#52 C:\\xampp7\\htdocs\\eshop\\vendor\\laravel\\framework\\src\\Illuminate\\Foundation\\Http\\Middleware\\TransformsRequest.php(21): Illuminate\\Pipeline\\Pipeline->Illuminate\\Pipeline\\{closure}(Object(Illuminate\\Http\\Request))
#53 C:\\xampp7\\htdocs\\eshop\\vendor\\laravel\\framework\\src\\Illuminate\\Pipeline\\Pipeline.php(167): Illuminate\\Foundation\\Http\\Middleware\\TransformsRequest->handle(Object(Illuminate\\Http\\Request), Object(Closure))
#54 C:\\xampp7\\htdocs\\eshop\\vendor\\laravel\\framework\\src\\Illuminate\\Foundation\\Http\\Middleware\\ValidatePostSize.php(27): Illuminate\\Pipeline\\Pipeline->Illuminate\\Pipeline\\{closure}(Object(Illuminate\\Http\\Request))
#55 C:\\xampp7\\htdocs\\eshop\\vendor\\laravel\\framework\\src\\Illuminate\\Pipeline\\Pipeline.php(167): Illuminate\\Foundation\\Http\\Middleware\\ValidatePostSize->handle(Object(Illuminate\\Http\\Request), Object(Closure))
#56 C:\\xampp7\\htdocs\\eshop\\vendor\\laravel\\framework\\src\\Illuminate\\Foundation\\Http\\Middleware\\PreventRequestsDuringMaintenance.php(86): Illuminate\\Pipeline\\Pipeline->Illuminate\\Pipeline\\{closure}(Object(Illuminate\\Http\\Request))
#57 C:\\xampp7\\htdocs\\eshop\\vendor\\laravel\\framework\\src\\Illuminate\\Pipeline\\Pipeline.php(167): Illuminate\\Foundation\\Http\\Middleware\\PreventRequestsDuringMaintenance->handle(Object(Illuminate\\Http\\Request), Object(Closure))
#58 C:\\xampp7\\htdocs\\eshop\\vendor\\laravel\\framework\\src\\Illuminate\\Pipeline\\Pipeline.php(103): Illuminate\\Pipeline\\Pipeline->Illuminate\\Pipeline\\{closure}(Object(Illuminate\\Http\\Request))
#59 C:\\xampp7\\htdocs\\eshop\\vendor\\laravel\\framework\\src\\Illuminate\\Foundation\\Http\\Kernel.php(141): Illuminate\\Pipeline\\Pipeline->then(Object(Closure))
#60 C:\\xampp7\\htdocs\\eshop\\vendor\\laravel\\framework\\src\\Illuminate\\Foundation\\Http\\Kernel.php(110): Illuminate\\Foundation\\Http\\Kernel->sendRequestThroughRouter(Object(Illuminate\\Http\\Request))
#61 C:\\xampp7\\htdocs\\eshop\\public\\index.php(82): Illuminate\\Foundation\\Http\\Kernel->handle(Object(Illuminate\\Http\\Request))
#62 C:\\xampp7\\htdocs\\eshop\\server.php(21): require_once('C:\\\\xampp7\\\\htdoc...')
#63 {main}
"} 
